{"/home/claudine/Documents/DEVOPS/Projects/Portfolio/src/components/Card.jsx": {"path":"/home/claudine/Documents/DEVOPS/Projects/Portfolio/src/components/Card.jsx","statementMap":{"0":{"start":{"line":1,"column":13},"end":{"line":39,"column":1}},"1":{"start":{"line":9,"column":2},"end":{"line":38,"column":4}}},"fnMap":{"0":{"name":"(anonymous_0)","decl":{"start":{"line":1,"column":13},"end":{"line":1,"column":14}},"loc":{"start":{"line":8,"column":6},"end":{"line":39,"column":1}},"line":8}},"branchMap":{"0":{"loc":{"start":{"line":5,"column":2},"end":{"line":5,"column":16}},"type":"default-arg","locations":[{"start":{"line":5,"column":14},"end":{"line":5,"column":16}}],"line":5},"1":{"loc":{"start":{"line":6,"column":2},"end":{"line":6,"column":27}},"type":"default-arg","locations":[{"start":{"line":6,"column":25},"end":{"line":6,"column":27}}],"line":6},"2":{"loc":{"start":{"line":36,"column":7},"end":{"line":36,"column":79}},"type":"cond-expr","locations":[{"start":{"line":36,"column":18},"end":{"line":36,"column":72}},{"start":{"line":36,"column":75},"end":{"line":36,"column":79}}],"line":36}},"s":{"0":2,"1":22},"f":{"0":22},"b":{"0":[21],"1":[21],"2":[1,21]},"_coverageSchema":"1a1c01bbd47fc00a2c39e90264f33305004495a9","hash":"8436346674f791029d6871bb70d53bd309a3e801"}
,"/home/claudine/Documents/DEVOPS/Projects/Portfolio/src/components/ConnectPopup.jsx": {"path":"/home/claudine/Documents/DEVOPS/Projects/Portfolio/src/components/ConnectPopup.jsx","statementMap":{"0":{"start":{"line":6,"column":2},"end":{"line":65,"column":4}}},"fnMap":{"0":{"name":"ConnectPopup","decl":{"start":{"line":5,"column":24},"end":{"line":5,"column":36}},"loc":{"start":{"line":5,"column":50},"end":{"line":66,"column":1}},"line":5}},"branchMap":{},"s":{"0":11},"f":{"0":11},"b":{},"_coverageSchema":"1a1c01bbd47fc00a2c39e90264f33305004495a9","hash":"2d89d61a1a9c28dc6067c96dbe65b43c14055401"}
,"/home/claudine/Documents/DEVOPS/Projects/Portfolio/src/components/Contact.jsx": {"path":"/home/claudine/Documents/DEVOPS/Projects/Portfolio/src/components/Contact.jsx","statementMap":{"0":{"start":{"line":8,"column":2},"end":{"line":26,"column":4}}},"fnMap":{"0":{"name":"Contact","decl":{"start":{"line":1,"column":24},"end":{"line":1,"column":31}},"loc":{"start":{"line":7,"column":3},"end":{"line":27,"column":1}},"line":7}},"branchMap":{"0":{"loc":{"start":{"line":6,"column":2},"end":{"line":6,"column":16}},"type":"default-arg","locations":[{"start":{"line":6,"column":14},"end":{"line":6,"column":16}}],"line":6}},"s":{"0":55},"f":{"0":55},"b":{"0":[44]},"_coverageSchema":"1a1c01bbd47fc00a2c39e90264f33305004495a9","hash":"b33619d6f8ece8580e7586197c2674fbca684fec"}
,"/home/claudine/Documents/DEVOPS/Projects/Portfolio/src/components/Hero.jsx": {"path":"/home/claudine/Documents/DEVOPS/Projects/Portfolio/src/components/Hero.jsx","statementMap":{"0":{"start":{"line":3,"column":13},"end":{"line":26,"column":1}},"1":{"start":{"line":4,"column":2},"end":{"line":25,"column":4}}},"fnMap":{"0":{"name":"(anonymous_0)","decl":{"start":{"line":3,"column":13},"end":{"line":3,"column":14}},"loc":{"start":{"line":3,"column":19},"end":{"line":26,"column":1}},"line":3}},"branchMap":{},"s":{"0":1,"1":8},"f":{"0":8},"b":{},"_coverageSchema":"1a1c01bbd47fc00a2c39e90264f33305004495a9","hash":"589a841885c1035db84586438e73376e0094210d"}
,"/home/claudine/Documents/DEVOPS/Projects/Portfolio/src/components/Mybutton.jsx": {"path":"/home/claudine/Documents/DEVOPS/Projects/Portfolio/src/components/Mybutton.jsx","statementMap":{"0":{"start":{"line":2,"column":4},"end":{"line":12,"column":5}}},"fnMap":{"0":{"name":"Mybutton","decl":{"start":{"line":1,"column":24},"end":{"line":1,"column":32}},"loc":{"start":{"line":1,"column":72},"end":{"line":13,"column":1}},"line":1}},"branchMap":{"0":{"loc":{"start":{"line":1,"column":53},"end":{"line":1,"column":68}},"type":"default-arg","locations":[{"start":{"line":1,"column":60},"end":{"line":1,"column":68}}],"line":1}},"s":{"0":11},"f":{"0":11},"b":{"0":[10]},"_coverageSchema":"1a1c01bbd47fc00a2c39e90264f33305004495a9","hash":"248a1125fdd43ab9a2e527f7b7a5b99d7d4dd7d8"}
,"/home/claudine/Documents/DEVOPS/Projects/Portfolio/src/components/Navbar.jsx": {"path":"/home/claudine/Documents/DEVOPS/Projects/Portfolio/src/components/Navbar.jsx","statementMap":{"0":{"start":{"line":3,"column":15},"end":{"line":73,"column":1}},"1":{"start":{"line":4,"column":38},"end":{"line":4,"column":55}},"2":{"start":{"line":6,"column":2},"end":{"line":14,"column":9}},"3":{"start":{"line":7,"column":23},"end":{"line":9,"column":5}},"4":{"start":{"line":8,"column":6},"end":{"line":8,"column":53}},"5":{"start":{"line":11,"column":4},"end":{"line":11,"column":17}},"6":{"start":{"line":12,"column":4},"end":{"line":12,"column":54}},"7":{"start":{"line":13,"column":4},"end":{"line":13,"column":70}},"8":{"start":{"line":13,"column":17},"end":{"line":13,"column":69}},"9":{"start":{"line":16,"column":20},"end":{"line":19,"column":6}},"10":{"start":{"line":17,"column":4},"end":{"line":19,"column":6}},"11":{"start":{"line":21,"column":2},"end":{"line":72,"column":4}}},"fnMap":{"0":{"name":"(anonymous_0)","decl":{"start":{"line":3,"column":15},"end":{"line":3,"column":16}},"loc":{"start":{"line":3,"column":21},"end":{"line":73,"column":1}},"line":3},"1":{"name":"(anonymous_1)","decl":{"start":{"line":6,"column":12},"end":{"line":6,"column":13}},"loc":{"start":{"line":6,"column":18},"end":{"line":14,"column":3}},"line":6},"2":{"name":"(anonymous_2)","decl":{"start":{"line":7,"column":23},"end":{"line":7,"column":24}},"loc":{"start":{"line":7,"column":29},"end":{"line":9,"column":5}},"line":7},"3":{"name":"(anonymous_3)","decl":{"start":{"line":13,"column":11},"end":{"line":13,"column":12}},"loc":{"start":{"line":13,"column":17},"end":{"line":13,"column":69}},"line":13},"4":{"name":"(anonymous_4)","decl":{"start":{"line":16,"column":20},"end":{"line":16,"column":21}},"loc":{"start":{"line":17,"column":4},"end":{"line":19,"column":6}},"line":17}},"branchMap":{"0":{"loc":{"start":{"line":8,"column":20},"end":{"line":8,"column":51}},"type":"binary-expr","locations":[{"start":{"line":8,"column":20},"end":{"line":8,"column":40}},{"start":{"line":8,"column":44},"end":{"line":8,"column":51}}],"line":8},"1":{"loc":{"start":{"line":18,"column":6},"end":{"line":18,"column":59}},"type":"cond-expr","locations":[{"start":{"line":18,"column":28},"end":{"line":18,"column":44}},{"start":{"line":18,"column":47},"end":{"line":18,"column":59}}],"line":18}},"s":{"0":2,"1":18,"2":18,"3":8,"4":11,"5":8,"6":8,"7":8,"8":8,"9":18,"10":126,"11":18},"f":{"0":18,"1":8,"2":11,"3":8,"4":126},"b":{"0":[11,4],"1":[18,108]},"_coverageSchema":"1a1c01bbd47fc00a2c39e90264f33305004495a9","hash":"0faaea324dade42d87f52983bef52fdb324747bd"}
,"/home/claudine/Documents/DEVOPS/Projects/Portfolio/src/components/Resume.jsx": {"path":"/home/claudine/Documents/DEVOPS/Projects/Portfolio/src/components/Resume.jsx","statementMap":{"0":{"start":{"line":6,"column":2},"end":{"line":31,"column":4}}},"fnMap":{"0":{"name":"Resume","decl":{"start":{"line":5,"column":24},"end":{"line":5,"column":30}},"loc":{"start":{"line":5,"column":33},"end":{"line":32,"column":1}},"line":5}},"branchMap":{},"s":{"0":8},"f":{"0":8},"b":{},"_coverageSchema":"1a1c01bbd47fc00a2c39e90264f33305004495a9","hash":"bca8bb2e4b0469e7f6bb1959ec96ee71e39d6078"}
,"/home/claudine/Documents/DEVOPS/Projects/Portfolio/src/components/Reveal.jsx": {"path":"/home/claudine/Documents/DEVOPS/Projects/Portfolio/src/components/Reveal.jsx","statementMap":{"0":{"start":{"line":9,"column":14},"end":{"line":9,"column":26}},"1":{"start":{"line":10,"column":36},"end":{"line":10,"column":51}},"2":{"start":{"line":12,"column":2},"end":{"line":41,"column":9}},"3":{"start":{"line":13,"column":20},"end":{"line":13,"column":31}},"4":{"start":{"line":15,"column":4},"end":{"line":17,"column":5}},"5":{"start":{"line":16,"column":6},"end":{"line":16,"column":23}},"6":{"start":{"line":19,"column":33},"end":{"line":21,"column":13}},"7":{"start":{"line":23,"column":4},"end":{"line":26,"column":5}},"8":{"start":{"line":24,"column":6},"end":{"line":24,"column":25}},"9":{"start":{"line":25,"column":6},"end":{"line":25,"column":23}},"10":{"start":{"line":28,"column":21},"end":{"line":36,"column":5}},"11":{"start":{"line":30,"column":8},"end":{"line":33,"column":9}},"12":{"start":{"line":31,"column":10},"end":{"line":31,"column":29}},"13":{"start":{"line":32,"column":10},"end":{"line":32,"column":43}},"14":{"start":{"line":38,"column":4},"end":{"line":38,"column":30}},"15":{"start":{"line":40,"column":4},"end":{"line":40,"column":39}},"16":{"start":{"line":40,"column":17},"end":{"line":40,"column":38}},"17":{"start":{"line":43,"column":2},"end":{"line":51,"column":4}}},"fnMap":{"0":{"name":"Reveal","decl":{"start":{"line":3,"column":24},"end":{"line":3,"column":30}},"loc":{"start":{"line":8,"column":3},"end":{"line":52,"column":1}},"line":8},"1":{"name":"(anonymous_1)","decl":{"start":{"line":12,"column":12},"end":{"line":12,"column":13}},"loc":{"start":{"line":12,"column":18},"end":{"line":41,"column":3}},"line":12},"2":{"name":"(anonymous_2)","decl":{"start":{"line":29,"column":6},"end":{"line":29,"column":7}},"loc":{"start":{"line":29,"column":19},"end":{"line":34,"column":7}},"line":29},"3":{"name":"(anonymous_3)","decl":{"start":{"line":40,"column":11},"end":{"line":40,"column":12}},"loc":{"start":{"line":40,"column":17},"end":{"line":40,"column":38}},"line":40}},"branchMap":{"0":{"loc":{"start":{"line":4,"column":6},"end":{"line":4,"column":23}},"type":"default-arg","locations":[{"start":{"line":4,"column":18},"end":{"line":4,"column":23}}],"line":4},"1":{"loc":{"start":{"line":6,"column":2},"end":{"line":6,"column":16}},"type":"default-arg","locations":[{"start":{"line":6,"column":14},"end":{"line":6,"column":16}}],"line":6},"2":{"loc":{"start":{"line":7,"column":2},"end":{"line":7,"column":11}},"type":"default-arg","locations":[{"start":{"line":7,"column":10},"end":{"line":7,"column":11}}],"line":7},"3":{"loc":{"start":{"line":15,"column":4},"end":{"line":17,"column":5}},"type":"if","locations":[{"start":{"line":15,"column":4},"end":{"line":17,"column":5}},{"start":{},"end":{}}],"line":15},"4":{"loc":{"start":{"line":23,"column":4},"end":{"line":26,"column":5}},"type":"if","locations":[{"start":{"line":23,"column":4},"end":{"line":26,"column":5}},{"start":{},"end":{}}],"line":23},"5":{"loc":{"start":{"line":23,"column":8},"end":{"line":23,"column":67}},"type":"binary-expr","locations":[{"start":{"line":23,"column":8},"end":{"line":23,"column":28}},{"start":{"line":23,"column":32},"end":{"line":23,"column":67}}],"line":23},"6":{"loc":{"start":{"line":30,"column":8},"end":{"line":33,"column":9}},"type":"if","locations":[{"start":{"line":30,"column":8},"end":{"line":33,"column":9}},{"start":{},"end":{}}],"line":30},"7":{"loc":{"start":{"line":46,"column":27},"end":{"line":46,"column":60}},"type":"cond-expr","locations":[{"start":{"line":46,"column":39},"end":{"line":46,"column":55}},{"start":{"line":46,"column":58},"end":{"line":46,"column":60}}],"line":46}},"s":{"0":66,"1":66,"2":66,"3":23,"4":23,"5":0,"6":23,"7":23,"8":17,"9":17,"10":6,"11":2,"12":1,"13":1,"14":6,"15":6,"16":6,"17":66},"f":{"0":66,"1":23,"2":2,"3":6},"b":{"0":[32],"1":[32],"2":[21],"3":[0,23],"4":[17,6],"5":[23,22],"6":[1,1],"7":[43,23]},"_coverageSchema":"1a1c01bbd47fc00a2c39e90264f33305004495a9","hash":"541ae73c15bcaec4b1a08c99e5ace186e67bcf49"}
,"/home/claudine/Documents/DEVOPS/Projects/Portfolio/src/pages/Home.jsx": {"path":"/home/claudine/Documents/DEVOPS/Projects/Portfolio/src/pages/Home.jsx","statementMap":{"0":{"start":{"line":10,"column":44},"end":{"line":10,"column":59}},"1":{"start":{"line":12,"column":2},"end":{"line":52,"column":4}},"2":{"start":{"line":28,"column":27},"end":{"line":28,"column":49}},"3":{"start":{"line":43,"column":25},"end":{"line":43,"column":48}},"4":{"start":{"line":46,"column":35},"end":{"line":46,"column":58}},"5":{"start":{"line":47,"column":41},"end":{"line":47,"column":64}}},"fnMap":{"0":{"name":"Home","decl":{"start":{"line":9,"column":24},"end":{"line":9,"column":28}},"loc":{"start":{"line":9,"column":31},"end":{"line":53,"column":1}},"line":9},"1":{"name":"(anonymous_1)","decl":{"start":{"line":28,"column":21},"end":{"line":28,"column":22}},"loc":{"start":{"line":28,"column":27},"end":{"line":28,"column":49}},"line":28},"2":{"name":"(anonymous_2)","decl":{"start":{"line":43,"column":19},"end":{"line":43,"column":20}},"loc":{"start":{"line":43,"column":25},"end":{"line":43,"column":48}},"line":43},"3":{"name":"(anonymous_3)","decl":{"start":{"line":46,"column":24},"end":{"line":46,"column":25}},"loc":{"start":{"line":46,"column":35},"end":{"line":46,"column":58}},"line":46},"4":{"name":"(anonymous_4)","decl":{"start":{"line":47,"column":35},"end":{"line":47,"column":36}},"loc":{"start":{"line":47,"column":41},"end":{"line":47,"column":64}},"line":47}},"branchMap":{"0":{"loc":{"start":{"line":40,"column":7},"end":{"line":50,"column":14}},"type":"cond-expr","locations":[{"start":{"line":41,"column":8},"end":{"line":49,"column":14}},{"start":{"line":50,"column":10},"end":{"line":50,"column":14}}],"line":40}},"s":{"0":8,"1":8,"2":3,"3":1,"4":1,"5":1},"f":{"0":8,"1":3,"2":1,"3":1,"4":1},"b":{"0":[3,5]},"_coverageSchema":"1a1c01bbd47fc00a2c39e90264f33305004495a9","hash":"89ad09bf4160d69490f73b9429738c13b3db7063"}
}
