TN:
SF:src/components/Card.jsx
FN:1,(anonymous_0)
FNF:1
FNH:1
FNDA:22,(anonymous_0)
DA:1,2
DA:9,22
LF:2
LH:2
BRDA:5,0,0,21
BRDA:6,1,0,21
BRDA:36,2,0,1
BRDA:36,2,1,21
BRF:4
BRH:4
end_of_record
TN:
SF:src/components/ConnectPopup.jsx
FN:5,ConnectPopup
FNF:1
FNH:1
FNDA:11,ConnectPopup
DA:6,11
LF:1
LH:1
BRF:0
BRH:0
end_of_record
TN:
SF:src/components/Contact.jsx
FN:1,Contact
FNF:1
FNH:1
FNDA:55,Contact
DA:8,55
LF:1
LH:1
BRDA:6,0,0,44
BRF:1
BRH:1
end_of_record
TN:
SF:src/components/Hero.jsx
FN:3,(anonymous_0)
FNF:1
FNH:1
FNDA:8,(anonymous_0)
DA:3,1
DA:4,8
LF:2
LH:2
BRF:0
BRH:0
end_of_record
TN:
SF:src/components/Mybutton.jsx
FN:1,Mybutton
FNF:1
FNH:1
FNDA:11,Mybutton
DA:2,11
LF:1
LH:1
BRDA:1,0,0,10
BRF:1
BRH:1
end_of_record
TN:
SF:src/components/Navbar.jsx
FN:3,(anonymous_0)
FN:6,(anonymous_1)
FN:7,(anonymous_2)
FN:13,(anonymous_3)
FN:16,(anonymous_4)
FNF:5
FNH:5
FNDA:18,(anonymous_0)
FNDA:8,(anonymous_1)
FNDA:11,(anonymous_2)
FNDA:8,(anonymous_3)
FNDA:126,(anonymous_4)
DA:3,2
DA:4,18
DA:6,18
DA:7,8
DA:8,11
DA:11,8
DA:12,8
DA:13,8
DA:16,18
DA:17,126
DA:21,18
LF:11
LH:11
BRDA:8,0,0,11
BRDA:8,0,1,4
BRDA:18,1,0,18
BRDA:18,1,1,108
BRF:4
BRH:4
end_of_record
TN:
SF:src/components/Resume.jsx
FN:5,Resume
FNF:1
FNH:1
FNDA:8,Resume
DA:6,8
LF:1
LH:1
BRF:0
BRH:0
end_of_record
TN:
SF:src/components/Reveal.jsx
FN:3,Reveal
FN:12,(anonymous_1)
FN:29,(anonymous_2)
FN:40,(anonymous_3)
FNF:4
FNH:4
FNDA:66,Reveal
FNDA:23,(anonymous_1)
FNDA:2,(anonymous_2)
FNDA:6,(anonymous_3)
DA:9,66
DA:10,66
DA:12,66
DA:13,23
DA:15,23
DA:16,0
DA:19,23
DA:23,23
DA:24,17
DA:25,17
DA:28,6
DA:30,2
DA:31,1
DA:32,1
DA:38,6
DA:40,6
DA:43,66
LF:17
LH:16
BRDA:4,0,0,32
BRDA:6,1,0,32
BRDA:7,2,0,21
BRDA:15,3,0,0
BRDA:15,3,1,23
BRDA:23,4,0,17
BRDA:23,4,1,6
BRDA:23,5,0,23
BRDA:23,5,1,22
BRDA:30,6,0,1
BRDA:30,6,1,1
BRDA:46,7,0,43
BRDA:46,7,1,23
BRF:13
BRH:12
end_of_record
TN:
SF:src/pages/Home.jsx
FN:9,Home
FN:28,(anonymous_1)
FN:43,(anonymous_2)
FN:46,(anonymous_3)
FN:47,(anonymous_4)
FNF:5
FNH:5
FNDA:8,Home
FNDA:3,(anonymous_1)
FNDA:1,(anonymous_2)
FNDA:1,(anonymous_3)
FNDA:1,(anonymous_4)
DA:10,8
DA:12,8
DA:28,3
DA:43,1
DA:46,1
DA:47,1
LF:6
LH:6
BRDA:40,0,0,3
BRDA:40,0,1,5
BRF:2
BRH:2
end_of_record
